2025-07-03 11:34:12 [main] INFO  c.m.d.t.t.k.s.TwitterToKafkaServiceApplication - Starting TwitterToKafkaServiceApplication on Andreu-WORK with PID 11376 (/home/andreu/MyProjects/microservices-demo/twitter-to-kafka-service/target/classes started by andreu in /home/andreu/MyProjects/microservices-demo)
2025-07-03 11:34:12 [main] INFO  c.m.d.t.t.k.s.TwitterToKafkaServiceApplication - No active profile set, falling back to default profiles: default
2025-07-03 11:34:12 [main] INFO  c.m.d.t.t.k.s.TwitterToKafkaServiceApplication - Started TwitterToKafkaServiceApplication in 0.506 seconds (JVM running for 1.023)
2025-07-03 11:34:12 [main] INFO  c.m.d.t.t.k.s.TwitterToKafkaServiceApplication - App starts...
2025-07-03 11:34:12 [main] INFO  c.m.d.t.t.k.s.TwitterToKafkaServiceApplication - [Java, Microservices, Kafka, Elasticsearch]
2025-07-03 11:34:12 [main] INFO  c.m.d.t.t.k.s.TwitterToKafkaServiceApplication - Hello microservices!
2025-07-03 11:34:12 [main] INFO  c.m.d.t.t.k.s.r.i.MockKafkaStreamRunner - Starting mock filtering twitter streams for keywords [Java, Microservices, Kafka, Elasticsearch]
2025-07-03 11:34:12 [pool-1-thread-1] INFO  c.m.d.t.t.k.s.l.TwitterKafkaStatusListener - Twitter status with text Maecenas pulvinar libero consectetuer consectetuer Kafka magna libero massa malesuada
2025-07-03 11:34:22 [pool-1-thread-1] INFO  c.m.d.t.t.k.s.l.TwitterKafkaStatusListener - Twitter status with text Fusce posuere ipsum libero Elasticsearch lectus Fusce
2025-07-03 11:34:39 [main] INFO  c.m.d.t.t.k.s.TwitterToKafkaServiceApplication - Starting TwitterToKafkaServiceApplication on Andreu-WORK with PID 11509 (/home/andreu/MyProjects/microservices-demo/twitter-to-kafka-service/target/classes started by andreu in /home/andreu/MyProjects/microservices-demo)
2025-07-03 11:34:39 [main] INFO  c.m.d.t.t.k.s.TwitterToKafkaServiceApplication - No active profile set, falling back to default profiles: default
2025-07-03 11:34:39 [main] INFO  c.m.d.t.t.k.s.TwitterToKafkaServiceApplication - Started TwitterToKafkaServiceApplication in 0.406 seconds (JVM running for 0.779)
2025-07-03 11:34:39 [main] INFO  c.m.d.t.t.k.s.TwitterToKafkaServiceApplication - App starts...
2025-07-03 11:34:39 [main] INFO  c.m.d.t.t.k.s.TwitterToKafkaServiceApplication - [Java, Microservices, Kafka, Elasticsearch]
2025-07-03 11:34:39 [main] INFO  c.m.d.t.t.k.s.TwitterToKafkaServiceApplication - Hello microservices!
2025-07-03 11:34:39 [main] INFO  c.m.d.t.t.k.s.r.i.MockKafkaStreamRunner - Starting mock filtering twitter streams for keywords [Java, Microservices, Kafka, Elasticsearch]
2025-07-03 11:34:39 [pool-1-thread-1] INFO  c.m.d.t.t.k.s.l.TwitterKafkaStatusListener - Twitter status with text dolor adipiscing amet ipsum Fusce Elasticsearch pulvinar ultricies ultricies
2025-07-03 11:34:40 [pool-1-thread-1] INFO  c.m.d.t.t.k.s.l.TwitterKafkaStatusListener - Twitter status with text ipsum malesuada amet consectetuer magna purus ipsum adipiscing Elasticsearch massa congue elit sit ultricies dolor
2025-07-03 11:34:40 [pool-1-thread-1] INFO  c.m.d.t.t.k.s.l.TwitterKafkaStatusListener - Twitter status with text libero lectus posuere lectus adipiscing massa Kafka adipiscing dolor dolor pulvinar
2025-07-03 11:34:40 [pool-1-thread-1] INFO  c.m.d.t.t.k.s.l.TwitterKafkaStatusListener - Twitter status with text congue lectus magna pulvinar congue Elasticsearch ultricies Fusce elit pulvinar
2025-07-03 11:34:40 [pool-1-thread-1] INFO  c.m.d.t.t.k.s.l.TwitterKafkaStatusListener - Twitter status with text Fusce lectus pulvinar Kafka consectetuer Maecenas
2025-07-03 11:34:40 [pool-1-thread-1] INFO  c.m.d.t.t.k.s.l.TwitterKafkaStatusListener - Twitter status with text massa ipsum dolor sit sit dolor Java consectetuer Fusce malesuada consectetuer
2025-07-03 11:34:40 [pool-1-thread-1] INFO  c.m.d.t.t.k.s.l.TwitterKafkaStatusListener - Twitter status with text Lorem Maecenas malesuada magna lectus sed magna malesuada Elasticsearch ultricies ipsum purus massa elit amet
2025-07-03 11:34:40 [pool-1-thread-1] INFO  c.m.d.t.t.k.s.l.TwitterKafkaStatusListener - Twitter status with text sed purus amet Fusce dolor Elasticsearch Maecenas adipiscing sit amet
2025-07-03 11:34:40 [pool-1-thread-1] INFO  c.m.d.t.t.k.s.l.TwitterKafkaStatusListener - Twitter status with text dolor consectetuer Fusce Fusce Fusce posuere Microservices sed magna malesuada pulvinar
2025-07-03 11:34:40 [pool-1-thread-1] INFO  c.m.d.t.t.k.s.l.TwitterKafkaStatusListener - Twitter status with text congue sit Fusce congue ultricies congue Microservices magna sit adipiscing massa Lorem
2025-07-03 11:34:40 [pool-1-thread-1] INFO  c.m.d.t.t.k.s.l.TwitterKafkaStatusListener - Twitter status with text ultricies posuere Fusce massa ultricies Microservices adipiscing ultricies magna
2025-07-03 11:34:41 [pool-1-thread-1] INFO  c.m.d.t.t.k.s.l.TwitterKafkaStatusListener - Twitter status with text consectetuer dolor massa elit consectetuer sit Maecenas Kafka amet sit congue libero magna
2025-07-03 11:34:41 [pool-1-thread-1] INFO  c.m.d.t.t.k.s.l.TwitterKafkaStatusListener - Twitter status with text purus ultricies elit Java sed ultricies
2025-07-03 11:34:41 [pool-1-thread-1] INFO  c.m.d.t.t.k.s.l.TwitterKafkaStatusListener - Twitter status with text magna ipsum libero purus Kafka consectetuer porttitor ipsum
2025-07-03 11:34:41 [pool-1-thread-1] INFO  c.m.d.t.t.k.s.l.TwitterKafkaStatusListener - Twitter status with text Maecenas sit amet ipsum adipiscing Elasticsearch Lorem Fusce lectus
2025-07-03 11:34:41 [pool-1-thread-1] INFO  c.m.d.t.t.k.s.l.TwitterKafkaStatusListener - Twitter status with text ipsum dolor pulvinar purus Microservices magna ipsum
2025-07-03 11:34:41 [pool-1-thread-1] INFO  c.m.d.t.t.k.s.l.TwitterKafkaStatusListener - Twitter status with text ipsum ipsum purus sit sed Kafka ultricies ultricies magna sed
2025-07-03 11:34:41 [pool-1-thread-1] INFO  c.m.d.t.t.k.s.l.TwitterKafkaStatusListener - Twitter status with text adipiscing amet Fusce amet Kafka Fusce posuere Maecenas
2025-07-03 11:34:41 [pool-1-thread-1] INFO  c.m.d.t.t.k.s.l.TwitterKafkaStatusListener - Twitter status with text purus Fusce dolor congue amet Maecenas magna Java ultricies purus magna posuere elit adipiscing
2025-07-03 11:34:41 [pool-1-thread-1] INFO  c.m.d.t.t.k.s.l.TwitterKafkaStatusListener - Twitter status with text lectus dolor sit lectus libero sed Kafka purus pulvinar pulvinar purus
2025-07-03 11:34:41 [pool-1-thread-1] INFO  c.m.d.t.t.k.s.l.TwitterKafkaStatusListener - Twitter status with text Fusce sed sit sit consectetuer Java Fusce ipsum congue
2025-07-03 11:34:42 [pool-1-thread-1] INFO  c.m.d.t.t.k.s.l.TwitterKafkaStatusListener - Twitter status with text ultricies Fusce libero lectus libero Java posuere magna elit consectetuer
2025-07-03 11:34:42 [pool-1-thread-1] INFO  c.m.d.t.t.k.s.l.TwitterKafkaStatusListener - Twitter status with text elit purus magna amet magna Lorem magna Java Fusce elit Maecenas ultricies sed
2025-07-03 11:34:42 [pool-1-thread-1] INFO  c.m.d.t.t.k.s.l.TwitterKafkaStatusListener - Twitter status with text libero massa libero consectetuer libero Kafka Lorem ipsum Fusce
2025-07-03 11:34:42 [pool-1-thread-1] INFO  c.m.d.t.t.k.s.l.TwitterKafkaStatusListener - Twitter status with text sed purus dolor sit Kafka sit posuere
2025-07-03 11:34:42 [pool-1-thread-1] INFO  c.m.d.t.t.k.s.l.TwitterKafkaStatusListener - Twitter status with text consectetuer Fusce Lorem Lorem lectus Lorem Kafka malesuada purus libero porttitor
2025-07-03 11:34:42 [pool-1-thread-1] INFO  c.m.d.t.t.k.s.l.TwitterKafkaStatusListener - Twitter status with text Maecenas lectus pulvinar ultricies lectus Kafka porttitor posuere sed
2025-07-03 11:34:42 [pool-1-thread-1] INFO  c.m.d.t.t.k.s.l.TwitterKafkaStatusListener - Twitter status with text purus amet sed Fusce adipiscing Microservices libero ipsum dolor massa
2025-07-03 11:34:42 [pool-1-thread-1] INFO  c.m.d.t.t.k.s.l.TwitterKafkaStatusListener - Twitter status with text sed magna magna Lorem porttitor posuere sit Microservices porttitor dolor magna amet massa congue
2025-07-03 11:34:42 [pool-1-thread-1] INFO  c.m.d.t.t.k.s.l.TwitterKafkaStatusListener - Twitter status with text posuere posuere Fusce Fusce Java lectus Lorem
2025-07-03 11:34:42 [pool-1-thread-1] INFO  c.m.d.t.t.k.s.l.TwitterKafkaStatusListener - Twitter status with text lectus massa ipsum congue amet magna Elasticsearch elit magna pulvinar ipsum
2025-07-03 11:34:43 [pool-1-thread-1] INFO  c.m.d.t.t.k.s.l.TwitterKafkaStatusListener - Twitter status with text pulvinar adipiscing dolor congue ipsum Maecenas Java sit ultricies massa consectetuer adipiscing
2025-07-03 11:34:43 [pool-1-thread-1] INFO  c.m.d.t.t.k.s.l.TwitterKafkaStatusListener - Twitter status with text Maecenas massa congue lectus Microservices adipiscing purus
2025-07-03 11:34:43 [pool-1-thread-1] INFO  c.m.d.t.t.k.s.l.TwitterKafkaStatusListener - Twitter status with text magna lectus amet consectetuer amet sit sit elit Microservices purus sit ipsum pulvinar congue purus
2025-07-03 11:34:43 [pool-1-thread-1] INFO  c.m.d.t.t.k.s.l.TwitterKafkaStatusListener - Twitter status with text pulvinar elit pulvinar Java Maecenas ipsum
2025-07-03 11:34:43 [pool-1-thread-1] INFO  c.m.d.t.t.k.s.l.TwitterKafkaStatusListener - Twitter status with text sit congue sed Lorem Maecenas Java Fusce sit massa
2025-07-03 11:34:43 [pool-1-thread-1] INFO  c.m.d.t.t.k.s.l.TwitterKafkaStatusListener - Twitter status with text ipsum consectetuer consectetuer Lorem purus magna massa Microservices elit dolor porttitor purus sed Lorem
2025-07-03 11:34:43 [pool-1-thread-1] INFO  c.m.d.t.t.k.s.l.TwitterKafkaStatusListener - Twitter status with text Fusce adipiscing ultricies Fusce sit adipiscing Microservices Maecenas lectus libero malesuada porttitor
2025-07-03 11:34:43 [pool-1-thread-1] INFO  c.m.d.t.t.k.s.l.TwitterKafkaStatusListener - Twitter status with text Lorem amet libero libero amet Elasticsearch Lorem lectus lectus sit
2025-07-03 11:34:43 [pool-1-thread-1] INFO  c.m.d.t.t.k.s.l.TwitterKafkaStatusListener - Twitter status with text sed massa porttitor elit magna Microservices congue lectus porttitor massa
2025-07-03 11:34:43 [pool-1-thread-1] INFO  c.m.d.t.t.k.s.l.TwitterKafkaStatusListener - Twitter status with text Fusce massa malesuada Lorem Maecenas adipiscing malesuada magna Elasticsearch adipiscing amet congue dolor elit magna congue
2025-07-03 11:34:44 [pool-1-thread-1] INFO  c.m.d.t.t.k.s.l.TwitterKafkaStatusListener - Twitter status with text lectus ipsum porttitor lectus sed Java dolor dolor adipiscing Fusce
2025-07-03 11:34:44 [pool-1-thread-1] INFO  c.m.d.t.t.k.s.l.TwitterKafkaStatusListener - Twitter status with text Fusce porttitor elit Elasticsearch consectetuer libero
2025-07-03 11:34:44 [pool-1-thread-1] INFO  c.m.d.t.t.k.s.l.TwitterKafkaStatusListener - Twitter status with text massa libero ipsum ultricies elit Java adipiscing malesuada congue
2025-07-03 11:34:44 [pool-1-thread-1] INFO  c.m.d.t.t.k.s.l.TwitterKafkaStatusListener - Twitter status with text dolor consectetuer massa Maecenas pulvinar dolor elit Java Fusce amet Fusce Fusce amet magna
2025-07-03 13:25:06 [main] INFO  c.m.d.t.t.k.s.TwitterToKafkaServiceApplication - Starting TwitterToKafkaServiceApplication on Andreu-WORK with PID 22427 (/home/andreu/MyProjects/microservices-demo/twitter-to-kafka-service/target/classes started by andreu in /home/andreu/MyProjects/microservices-demo)
2025-07-03 13:25:06 [main] INFO  c.m.d.t.t.k.s.TwitterToKafkaServiceApplication - No active profile set, falling back to default profiles: default
2025-07-03 13:25:06 [main] INFO  c.m.d.t.t.k.s.TwitterToKafkaServiceApplication - Started TwitterToKafkaServiceApplication in 0.42 seconds (JVM running for 0.797)
2025-07-03 13:25:06 [main] INFO  c.m.d.t.t.k.s.TwitterToKafkaServiceApplication - App starts...
2025-07-03 13:25:06 [main] INFO  c.m.d.t.t.k.s.TwitterToKafkaServiceApplication - [Java, Microservices, Kafka, Elasticsearch]
2025-07-03 13:25:06 [main] INFO  c.m.d.t.t.k.s.TwitterToKafkaServiceApplication - Hello microservices!
2025-07-03 13:25:06 [main] INFO  c.m.d.t.t.k.s.r.i.MockKafkaStreamRunner - Starting mock filtering twitter streams for keywords [Java, Microservices, Kafka, Elasticsearch]
2025-07-03 13:25:06 [pool-1-thread-1] INFO  c.m.d.t.t.k.s.l.TwitterKafkaStatusListener - Twitter status with text lectus sed malesuada lectus dolor Kafka pulvinar pulvinar Fusce
2025-07-03 13:25:07 [pool-1-thread-1] INFO  c.m.d.t.t.k.s.l.TwitterKafkaStatusListener - Twitter status with text posuere Fusce sit massa porttitor amet purus pulvinar Kafka porttitor sit massa ultricies posuere Maecenas
2025-07-03 13:25:08 [pool-1-thread-1] INFO  c.m.d.t.t.k.s.l.TwitterKafkaStatusListener - Twitter status with text Lorem purus congue sed dolor elit ultricies Lorem Microservices dolor sed massa adipiscing lectus dolor
2025-07-03 13:25:09 [pool-1-thread-1] INFO  c.m.d.t.t.k.s.l.TwitterKafkaStatusListener - Twitter status with text libero pulvinar porttitor Fusce Fusce Elasticsearch sed malesuada posuere
2025-07-03 13:25:10 [pool-1-thread-1] INFO  c.m.d.t.t.k.s.l.TwitterKafkaStatusListener - Twitter status with text ipsum dolor elit sit libero Elasticsearch Maecenas massa porttitor
2025-07-03 13:25:11 [pool-1-thread-1] INFO  c.m.d.t.t.k.s.l.TwitterKafkaStatusListener - Twitter status with text ultricies ipsum consectetuer dolor Elasticsearch massa amet
2025-07-03 13:25:12 [pool-1-thread-1] INFO  c.m.d.t.t.k.s.l.TwitterKafkaStatusListener - Twitter status with text elit sit dolor amet ipsum posuere Microservices libero elit amet sit
2025-07-03 13:25:13 [pool-1-thread-1] INFO  c.m.d.t.t.k.s.l.TwitterKafkaStatusListener - Twitter status with text amet sit magna libero congue purus Microservices ultricies libero ipsum massa purus
2025-07-03 13:25:14 [pool-1-thread-1] INFO  c.m.d.t.t.k.s.l.TwitterKafkaStatusListener - Twitter status with text libero lectus pulvinar porttitor pulvinar porttitor Elasticsearch consectetuer sit porttitor consectetuer ultricies
2025-07-03 13:25:15 [pool-1-thread-1] INFO  c.m.d.t.t.k.s.l.TwitterKafkaStatusListener - Twitter status with text amet magna adipiscing massa Microservices pulvinar Lorem congue
2025-07-03 13:25:16 [pool-1-thread-1] INFO  c.m.d.t.t.k.s.l.TwitterKafkaStatusListener - Twitter status with text porttitor posuere lectus sit Kafka consectetuer amet
2025-07-03 13:25:17 [pool-1-thread-1] INFO  c.m.d.t.t.k.s.l.TwitterKafkaStatusListener - Twitter status with text dolor porttitor dolor Java pulvinar amet
2025-07-03 13:25:18 [pool-1-thread-1] INFO  c.m.d.t.t.k.s.l.TwitterKafkaStatusListener - Twitter status with text purus sit elit Lorem adipiscing Kafka congue lectus lectus malesuada
2025-07-03 13:25:19 [pool-1-thread-1] INFO  c.m.d.t.t.k.s.l.TwitterKafkaStatusListener - Twitter status with text amet elit elit libero amet posuere lectus Microservices congue sed consectetuer ipsum amet
2025-07-03 13:25:20 [pool-1-thread-1] INFO  c.m.d.t.t.k.s.l.TwitterKafkaStatusListener - Twitter status with text massa massa sed consectetuer adipiscing congue malesuada ultricies Java sit sit Fusce purus pulvinar porttitor
2025-07-03 13:25:21 [pool-1-thread-1] INFO  c.m.d.t.t.k.s.l.TwitterKafkaStatusListener - Twitter status with text Fusce pulvinar malesuada magna magna Lorem Maecenas sed Kafka pulvinar lectus magna elit porttitor pulvinar posuere
2025-07-03 13:25:22 [pool-1-thread-1] INFO  c.m.d.t.t.k.s.l.TwitterKafkaStatusListener - Twitter status with text amet porttitor adipiscing dolor pulvinar malesuada adipiscing Lorem Elasticsearch adipiscing magna magna posuere Lorem Fusce
2025-07-03 13:25:23 [pool-1-thread-1] INFO  c.m.d.t.t.k.s.l.TwitterKafkaStatusListener - Twitter status with text Lorem libero lectus Lorem ultricies lectus Java dolor Lorem elit massa
2025-07-03 13:25:24 [pool-1-thread-1] INFO  c.m.d.t.t.k.s.l.TwitterKafkaStatusListener - Twitter status with text Lorem amet posuere ultricies Elasticsearch Maecenas massa
2025-07-03 13:25:25 [pool-1-thread-1] INFO  c.m.d.t.t.k.s.l.TwitterKafkaStatusListener - Twitter status with text lectus Maecenas ipsum massa Kafka massa massa purus
2025-07-03 13:25:26 [pool-1-thread-1] INFO  c.m.d.t.t.k.s.l.TwitterKafkaStatusListener - Twitter status with text dolor consectetuer purus amet ultricies posuere malesuada Java magna Lorem malesuada congue sit amet
2025-07-03 13:25:27 [pool-1-thread-1] INFO  c.m.d.t.t.k.s.l.TwitterKafkaStatusListener - Twitter status with text pulvinar Fusce elit consectetuer posuere Java massa sed consectetuer
2025-07-03 13:25:28 [pool-1-thread-1] INFO  c.m.d.t.t.k.s.l.TwitterKafkaStatusListener - Twitter status with text congue Lorem adipiscing elit sit purus pulvinar Elasticsearch congue sit lectus consectetuer Fusce malesuada
2025-07-03 13:25:29 [pool-1-thread-1] INFO  c.m.d.t.t.k.s.l.TwitterKafkaStatusListener - Twitter status with text magna pulvinar massa Elasticsearch pulvinar sit
2025-07-03 13:25:30 [pool-1-thread-1] INFO  c.m.d.t.t.k.s.l.TwitterKafkaStatusListener - Twitter status with text ipsum amet porttitor ipsum porttitor massa malesuada Kafka ultricies posuere lectus purus adipiscing massa
2025-07-03 13:25:31 [pool-1-thread-1] INFO  c.m.d.t.t.k.s.l.TwitterKafkaStatusListener - Twitter status with text amet elit lectus dolor sit purus Maecenas Kafka ipsum magna dolor massa ipsum libero
2025-07-03 13:25:32 [pool-1-thread-1] INFO  c.m.d.t.t.k.s.l.TwitterKafkaStatusListener - Twitter status with text libero ultricies elit sed malesuada amet amet Fusce Kafka congue consectetuer magna Lorem malesuada ipsum
2025-07-03 13:25:33 [pool-1-thread-1] INFO  c.m.d.t.t.k.s.l.TwitterKafkaStatusListener - Twitter status with text ipsum purus ultricies massa posuere ipsum Kafka massa pulvinar elit posuere
2025-07-03 13:25:34 [pool-1-thread-1] INFO  c.m.d.t.t.k.s.l.TwitterKafkaStatusListener - Twitter status with text elit porttitor dolor Fusce amet purus Elasticsearch malesuada adipiscing elit congue
2025-07-03 13:25:35 [pool-1-thread-1] INFO  c.m.d.t.t.k.s.l.TwitterKafkaStatusListener - Twitter status with text congue malesuada posuere amet massa sed Maecenas porttitor Kafka dolor ultricies pulvinar pulvinar congue porttitor Lorem
2025-07-03 13:25:36 [pool-1-thread-1] INFO  c.m.d.t.t.k.s.l.TwitterKafkaStatusListener - Twitter status with text amet sit consectetuer Java sed consectetuer
2025-07-03 13:25:37 [pool-1-thread-1] INFO  c.m.d.t.t.k.s.l.TwitterKafkaStatusListener - Twitter status with text Maecenas purus sit dolor Microservices Lorem consectetuer
2025-07-03 13:25:38 [pool-1-thread-1] INFO  c.m.d.t.t.k.s.l.TwitterKafkaStatusListener - Twitter status with text congue libero purus ultricies elit pulvinar purus Java dolor lectus sed Maecenas sed
2025-07-03 13:25:39 [pool-1-thread-1] INFO  c.m.d.t.t.k.s.l.TwitterKafkaStatusListener - Twitter status with text adipiscing Fusce Fusce posuere dolor purus Lorem congue Kafka porttitor consectetuer porttitor consectetuer ultricies purus
2025-07-03 13:25:40 [pool-1-thread-1] INFO  c.m.d.t.t.k.s.l.TwitterKafkaStatusListener - Twitter status with text porttitor purus ipsum massa amet posuere Java purus massa massa Maecenas
2025-07-03 13:25:41 [pool-1-thread-1] INFO  c.m.d.t.t.k.s.l.TwitterKafkaStatusListener - Twitter status with text massa sed sed pulvinar Elasticsearch purus malesuada adipiscing
2025-07-03 13:25:42 [pool-1-thread-1] INFO  c.m.d.t.t.k.s.l.TwitterKafkaStatusListener - Twitter status with text malesuada adipiscing magna dolor Fusce Microservices dolor sit Maecenas
2025-07-03 13:25:43 [pool-1-thread-1] INFO  c.m.d.t.t.k.s.l.TwitterKafkaStatusListener - Twitter status with text amet congue ipsum consectetuer Kafka Lorem dolor sed
2025-07-03 13:25:44 [pool-1-thread-1] INFO  c.m.d.t.t.k.s.l.TwitterKafkaStatusListener - Twitter status with text posuere consectetuer Lorem Kafka purus consectetuer
2025-07-03 13:25:45 [pool-1-thread-1] INFO  c.m.d.t.t.k.s.l.TwitterKafkaStatusListener - Twitter status with text Lorem lectus malesuada pulvinar amet Kafka porttitor magna massa
2025-07-03 13:25:46 [pool-1-thread-1] INFO  c.m.d.t.t.k.s.l.TwitterKafkaStatusListener - Twitter status with text pulvinar sit ipsum massa Maecenas Lorem Microservices posuere posuere sed consectetuer Maecenas
2025-07-03 13:25:47 [pool-1-thread-1] INFO  c.m.d.t.t.k.s.l.TwitterKafkaStatusListener - Twitter status with text massa magna lectus Kafka porttitor malesuada
2025-07-03 13:25:48 [pool-1-thread-1] INFO  c.m.d.t.t.k.s.l.TwitterKafkaStatusListener - Twitter status with text amet lectus massa amet sed ipsum malesuada elit Elasticsearch malesuada magna posuere posuere massa Fusce Maecenas
2025-07-03 13:25:49 [pool-1-thread-1] INFO  c.m.d.t.t.k.s.l.TwitterKafkaStatusListener - Twitter status with text massa sed magna dolor posuere libero malesuada Java malesuada magna dolor magna libero ultricies
2025-07-03 13:25:50 [pool-1-thread-1] INFO  c.m.d.t.t.k.s.l.TwitterKafkaStatusListener - Twitter status with text ultricies massa sit Java adipiscing elit
2025-07-03 13:25:51 [pool-1-thread-1] INFO  c.m.d.t.t.k.s.l.TwitterKafkaStatusListener - Twitter status with text sed posuere purus sed adipiscing Fusce sed amet Elasticsearch ipsum magna porttitor purus ultricies congue lectus
2025-07-03 13:25:52 [pool-1-thread-1] INFO  c.m.d.t.t.k.s.l.TwitterKafkaStatusListener - Twitter status with text sed sed congue Fusce porttitor sed Maecenas Java adipiscing libero malesuada malesuada purus dolor
2025-07-03 13:25:53 [pool-1-thread-1] INFO  c.m.d.t.t.k.s.l.TwitterKafkaStatusListener - Twitter status with text malesuada malesuada congue ipsum pulvinar dolor dolor libero Microservices Maecenas Lorem lectus congue sed ultricies
2025-07-03 13:25:54 [pool-1-thread-1] INFO  c.m.d.t.t.k.s.l.TwitterKafkaStatusListener - Twitter status with text Lorem elit consectetuer ipsum Lorem purus Maecenas Microservices porttitor dolor posuere Maecenas consectetuer
2025-07-03 13:25:55 [pool-1-thread-1] INFO  c.m.d.t.t.k.s.l.TwitterKafkaStatusListener - Twitter status with text lectus elit amet Lorem Fusce adipiscing pulvinar Java ipsum ipsum libero congue amet posuere
2025-07-03 13:25:56 [pool-1-thread-1] INFO  c.m.d.t.t.k.s.l.TwitterKafkaStatusListener - Twitter status with text posuere sed magna consectetuer magna dolor lectus massa Elasticsearch elit Maecenas adipiscing lectus Lorem adipiscing porttitor
2025-07-03 13:25:57 [pool-1-thread-1] INFO  c.m.d.t.t.k.s.l.TwitterKafkaStatusListener - Twitter status with text dolor lectus malesuada massa adipiscing malesuada posuere Lorem Elasticsearch Fusce purus Maecenas amet libero amet porttitor
2025-07-03 13:25:58 [pool-1-thread-1] INFO  c.m.d.t.t.k.s.l.TwitterKafkaStatusListener - Twitter status with text adipiscing magna pulvinar adipiscing sit sit adipiscing Microservices ipsum malesuada libero ultricies malesuada elit
2025-07-03 13:25:59 [pool-1-thread-1] INFO  c.m.d.t.t.k.s.l.TwitterKafkaStatusListener - Twitter status with text malesuada congue posuere adipiscing Java congue porttitor consectetuer
2025-07-03 13:26:00 [pool-1-thread-1] INFO  c.m.d.t.t.k.s.l.TwitterKafkaStatusListener - Twitter status with text congue porttitor libero dolor congue porttitor libero Kafka sit Lorem Fusce elit dolor
2025-07-03 13:26:01 [pool-1-thread-1] INFO  c.m.d.t.t.k.s.l.TwitterKafkaStatusListener - Twitter status with text malesuada sed magna ipsum Kafka Fusce elit congue
2025-07-03 13:26:02 [pool-1-thread-1] INFO  c.m.d.t.t.k.s.l.TwitterKafkaStatusListener - Twitter status with text sit congue ultricies consectetuer malesuada dolor sit pulvinar Microservices ultricies massa ultricies Lorem magna dolor
2025-07-03 13:26:03 [pool-1-thread-1] INFO  c.m.d.t.t.k.s.l.TwitterKafkaStatusListener - Twitter status with text libero porttitor massa Lorem consectetuer consectetuer Microservices lectus congue ultricies elit sit
2025-07-03 13:26:04 [pool-1-thread-1] INFO  c.m.d.t.t.k.s.l.TwitterKafkaStatusListener - Twitter status with text Lorem purus sit Java sit amet
2025-07-03 13:26:05 [pool-1-thread-1] INFO  c.m.d.t.t.k.s.l.TwitterKafkaStatusListener - Twitter status with text Maecenas libero porttitor ultricies sit lectus lectus Java ipsum Maecenas ultricies adipiscing elit
2025-07-03 13:26:06 [pool-1-thread-1] INFO  c.m.d.t.t.k.s.l.TwitterKafkaStatusListener - Twitter status with text porttitor Lorem Lorem Java libero Maecenas
2025-07-03 13:26:07 [pool-1-thread-1] INFO  c.m.d.t.t.k.s.l.TwitterKafkaStatusListener - Twitter status with text ultricies malesuada ipsum Maecenas Maecenas sed Kafka sit sed lectus porttitor congue
2025-07-03 13:26:08 [pool-1-thread-1] INFO  c.m.d.t.t.k.s.l.TwitterKafkaStatusListener - Twitter status with text amet libero ipsum porttitor massa malesuada pulvinar magna Elasticsearch amet libero magna libero libero pulvinar
